<?xml version="1.0" encoding="UTF-8" standalone="no"?>
<!DOCTYPE log SYSTEM "logger.dtd">
<log>
<record>
  <date>2018-06-12T19:32:25</date>
  <millis>1528824745327</millis>
  <sequence>0</sequence>
  <logger>acceptClient</logger>
  <level>INFO</level>
  <class>server.AcceptClient</class>
  <method>run</method>
  <thread>12</thread>
  <message>t;a;192.168.1.125;45000 create a new account</message>
</record>
<record>
  <date>2018-06-12T19:32:49</date>
  <millis>1528824769188</millis>
  <sequence>1</sequence>
  <logger>acceptClient</logger>
  <level>INFO</level>
  <class>server.AcceptClient</class>
  <method>run</method>
  <thread>13</thread>
  <message>t;a;192.168.1.125;45000 is connected</message>
</record>
<?xml version="1.0" encoding="UTF-8" standalone="no"?>
<!DOCTYPE log SYSTEM "logger.dtd">
<log>
<record>
  <date>2018-06-12T19:36:26</date>
  <millis>1528824986826</millis>
  <sequence>0</sequence>
  <logger>acceptClient</logger>
  <level>INFO</level>
  <class>server.AcceptClient</class>
  <method>run</method>
  <thread>12</thread>
  <message>undefined;undefined;undefined;undefined create a new account</message>
</record>
<record>
  <date>2018-06-12T19:36:37</date>
  <millis>1528824997887</millis>
  <sequence>1</sequence>
  <logger>acceptClient</logger>
  <level>INFO</level>
  <class>server.AcceptClient</class>
  <method>run</method>
  <thread>13</thread>
  <message>undefined;undefined;undefined;undefined create a new account</message>
</record>
<?xml version="1.0" encoding="UTF-8" standalone="no"?>
<!DOCTYPE log SYSTEM "logger.dtd">
<log>
<record>
  <date>2018-06-12T19:38:52</date>
  <millis>1528825132896</millis>
  <sequence>0</sequence>
  <logger>acceptClient</logger>
  <level>INFO</level>
  <class>server.AcceptClient</class>
  <method>run</method>
  <thread>12</thread>
  <message>t;a;192.168.1.125;45000 is connected</message>
</record>
<record>
  <date>2018-06-12T19:40:30</date>
  <millis>1528825230751</millis>
  <sequence>1</sequence>
  <logger>acceptClient</logger>
  <level>INFO</level>
  <class>server.AcceptClient</class>
  <method>run</method>
  <thread>13</thread>
  <message>;;192.168.1.125;45000 is connected</message>
</record>
<?xml version="1.0" encoding="UTF-8" standalone="no"?>
<!DOCTYPE log SYSTEM "logger.dtd">
<log>
<record>
  <date>2018-06-12T19:43:37</date>
  <millis>1528825417909</millis>
  <sequence>0</sequence>
  <logger>acceptClient</logger>
  <level>INFO</level>
  <class>server.AcceptClient</class>
  <method>run</method>
  <thread>12</thread>
  <message>;;192.168.1.125;45000 is connected</message>
</record>
<record>
  <date>2018-06-12T19:43:51</date>
  <millis>1528825431566</millis>
  <sequence>1</sequence>
  <logger>acceptClient</logger>
  <level>INFO</level>
  <class>server.AcceptClient</class>
  <method>run</method>
  <thread>13</thread>
  <message>t;a;192.168.1.125;45000 is connected</message>
</record>
<?xml version="1.0" encoding="UTF-8" standalone="no"?>
<!DOCTYPE log SYSTEM "logger.dtd">
<log>
<record>
  <date>2018-06-12T19:45:51</date>
  <millis>1528825551160</millis>
  <sequence>0</sequence>
  <logger>acceptClient</logger>
  <level>INFO</level>
  <class>server.AcceptClient</class>
  <method>run</method>
  <thread>12</thread>
  <message>t;a;192.168.1.125;45000 is connected</message>
</record>
<record>
  <date>2018-06-12T19:46:05</date>
  <millis>1528825565907</millis>
  <sequence>1</sequence>
  <logger>acceptClient</logger>
  <level>INFO</level>
  <class>server.AcceptClient</class>
  <method>run</method>
  <thread>13</thread>
  <message>;;192.168.1.125;45000 is connected</message>
</record>
<?xml version="1.0" encoding="UTF-8" standalone="no"?>
<!DOCTYPE log SYSTEM "logger.dtd">
<log>
<record>
  <date>2018-06-12T19:47:53</date>
  <millis>1528825673743</millis>
  <sequence>0</sequence>
  <logger>acceptClient</logger>
  <level>INFO</level>
  <class>server.AcceptClient</class>
  <method>run</method>
  <thread>12</thread>
  <message>;;192.168.1.125;45000 is connected</message>
</record>
<record>
  <date>2018-06-12T19:48:05</date>
  <millis>1528825685662</millis>
  <sequence>1</sequence>
  <logger>acceptClient</logger>
  <level>INFO</level>
  <class>server.AcceptClient</class>
  <method>run</method>
  <thread>13</thread>
  <message>;;192.168.1.125;45000 is connected</message>
</record>
<?xml version="1.0" encoding="UTF-8" standalone="no"?>
<!DOCTYPE log SYSTEM "logger.dtd">
<log>
<record>
  <date>2018-06-12T19:49:24</date>
  <millis>1528825764289</millis>
  <sequence>0</sequence>
  <logger>acceptClient</logger>
  <level>INFO</level>
  <class>server.AcceptClient</class>
  <method>run</method>
  <thread>12</thread>
  <message>;;192.168.1.125;45000 is connected</message>
</record>
<record>
  <date>2018-06-12T19:49:33</date>
  <millis>1528825773894</millis>
  <sequence>1</sequence>
  <logger>acceptClient</logger>
  <level>INFO</level>
  <class>server.AcceptClient</class>
  <method>run</method>
  <thread>13</thread>
  <message>t;a;192.168.1.125;45000 is connected</message>
</record>
<record>
  <date>2018-06-12T19:50:01</date>
  <millis>1528825801939</millis>
  <sequence>2</sequence>
  <logger>acceptClient</logger>
  <level>INFO</level>
  <class>server.AcceptClient</class>
  <method>run</method>
  <thread>14</thread>
  <message>;;192.168.1.125;45000 is connected</message>
</record>
<?xml version="1.0" encoding="UTF-8" standalone="no"?>
<!DOCTYPE log SYSTEM "logger.dtd">
<log>
<record>
  <date>2018-06-12T19:50:25</date>
  <millis>1528825825028</millis>
  <sequence>0</sequence>
  <logger>acceptClient</logger>
  <level>INFO</level>
  <class>server.AcceptClient</class>
  <method>run</method>
  <thread>12</thread>
  <message>;;192.168.1.125;45000 is connected</message>
</record>
<record>
  <date>2018-06-12T19:50:36</date>
  <millis>1528825836532</millis>
  <sequence>1</sequence>
  <logger>acceptClient</logger>
  <level>INFO</level>
  <class>server.AcceptClient</class>
  <method>run</method>
  <thread>13</thread>
  <message>t;a;192.168.1.125;45000 is connected</message>
</record>
